<?xml version="1.0" encoding="UTF-8"?>
<testsuite xmlns:xsi="http://www.w3.org/2001/XMLSchema-instance" xsi:noNamespaceSchemaLocation="https://maven.apache.org/surefire/maven-surefire-plugin/xsd/surefire-test-report-3.0.xsd" version="3.0" name="br.com.henrique.business.ListTest" time="0.797" tests="5" errors="0" skipped="0" failures="0">
  <properties>
[...]
</properties>
  <testcase name="testMockingList_When_GetIsCalledWithArgumentMatcher_ShouldReturnErudio" classname="br.com.henrique.business.ListTest" time="0.73"/>
  <testcase name="testMockingList_When_SizeIsCalled_ShouldReturnMultipleValues" classname="br.com.henrique.business.ListTest" time="0.007"/>
  <testcase name="testMockingList_When_SizeIsCalled_ShouldReturn10" classname="br.com.henrique.business.ListTest" time="0.003"/>
  <testcase name="testMockingList_When_GetIsCalled_ShouldReturnErudio" classname="br.com.henrique.business.ListTest" time="0.005"/>
  <testcase name="testMockingList_When_ThrowsAnException" classname="br.com.henrique.business.ListTest" time="0.025"/>
</testsuite>